Using pre-set license
Built from '2020.3/staging' branch; Version is '2020.3.5f1 (8095aa901b9b) revision 8426922'; Using compiler version '192528614'; Build Type 'Release'
OS: 'Windows 10 Home; OS build 19041.928; Version 2004; 64bit' Language: 'en' Physical Memory: 16337 MB
BatchMode: 1, IsHumanControllingUs: 0, StartBugReporterOnCrash: 0, Is64bit: 1, IsPro: 0

 COMMAND LINE ARGUMENTS:
C:\Program Files\Unity\Hub\Editor\2020.3.5f1\Editor\Unity.exe
-adb2
-batchMode
-noUpm
-name
AssetImportWorker0
-projectPath
C:/Users/foodp/Documents/GitHub/New folder/LD48
-logFile
Logs/AssetImportWorker0.log
-srvPort
61952
Successfully changed project path to: C:/Users/foodp/Documents/GitHub/New folder/LD48
C:/Users/foodp/Documents/GitHub/New folder/LD48
Using Asset Import Pipeline V2.
Refreshing native plugins compatible for Editor in 30.05 ms, found 1 plugins.
Preloading 0 native plugins for Editor in 0.00 ms.
Initialize engine version: 2020.3.5f1 (8095aa901b9b)
[Subsystems] Discovering subsystems at path C:/Program Files/Unity/Hub/Editor/2020.3.5f1/Editor/Data/Resources/UnitySubsystems
[Subsystems] Discovering subsystems at path C:/Users/foodp/Documents/GitHub/New folder/LD48/Assets
GfxDevice: creating device client; threaded=0
Direct3D:
    Version:  Direct3D 11.0 [level 11.1]
    Renderer: AMD Radeon RX 5700 XT (ID=0x731f)
    Vendor:   
    VRAM:     8151 MB
    Driver:   27.20.15003.1004
Initialize mono
Mono path[0] = 'C:/Program Files/Unity/Hub/Editor/2020.3.5f1/Editor/Data/Managed'
Mono path[1] = 'C:/Program Files/Unity/Hub/Editor/2020.3.5f1/Editor/Data/MonoBleedingEdge/lib/mono/unityjit'
Mono config path = 'C:/Program Files/Unity/Hub/Editor/2020.3.5f1/Editor/Data/MonoBleedingEdge/etc'
Using monoOptions --debugger-agent=transport=dt_socket,embedding=1,server=y,suspend=n,address=127.0.0.1:56340
Begin MonoManager ReloadAssembly
Registering precompiled unity dll's ...
Register platform support module: C:/Program Files/Unity/Hub/Editor/2020.3.5f1/Editor/Data/PlaybackEngines/WindowsStandaloneSupport/UnityEditor.WindowsStandalone.Extensions.dll
Registered in 0.001605 seconds.
Native extension for WindowsStandalone target not found
Refreshing native plugins compatible for Editor in 29.86 ms, found 1 plugins.
Preloading 0 native plugins for Editor in 0.00 ms.
Mono: successfully reloaded assembly
- Completed reload, in  0.806 seconds
Platform modules already initialized, skipping
Registering precompiled user dll's ...
Registered in 0.000656 seconds.
Begin MonoManager ReloadAssembly
Native extension for WindowsStandalone target not found
Refreshing native plugins compatible for Editor in 31.04 ms, found 1 plugins.
Preloading 0 native plugins for Editor in 0.00 ms.
Mono: successfully reloaded assembly
- Completed reload, in  0.730 seconds
Platform modules already initialized, skipping
========================================================================
Worker process is ready to serve import requests
Launched and connected shader compiler UnityShaderCompiler.exe after 0.04 seconds
Refreshing native plugins compatible for Editor in 0.32 ms, found 1 plugins.
Preloading 0 native plugins for Editor in 0.00 ms.
Unloading 1807 Unused Serialized files (Serialized files now loaded: 0)
System memory in use before: 84.7 MB.
System memory in use after: 84.8 MB.

Unloading 19 unused Assets to reduce memory usage. Loaded Objects now: 2254.
Total: 1.862100 ms (FindLiveObjects: 0.222900 ms CreateObjectMapping: 0.050300 ms MarkObjects: 1.531100 ms  DeleteObjects: 0.056900 ms)

========================================================================
Received Import Request.
  path: Assets/Game art.png
  artifactKey: Guid(ea376cdc18fb5984da826272a56c5177) Importer(815301076,1909f56bfc062723c751e8b465ee728b)
Start importing Assets/Game art.png using Guid(ea376cdc18fb5984da826272a56c5177) Importer(815301076,1909f56bfc062723c751e8b465ee728b)  -> (artifact id: 'cce235260fef581d5658e1905a600b89') in 0.100656 seconds
  Import took 0.103101 seconds .

========================================================================
Received Import Request.
  Time since last request: 5.982303 seconds.
  path: Assets/Game art.png
  artifactKey: Guid(ea376cdc18fb5984da826272a56c5177) Importer(815301076,1909f56bfc062723c751e8b465ee728b)
Start importing Assets/Game art.png using Guid(ea376cdc18fb5984da826272a56c5177) Importer(815301076,1909f56bfc062723c751e8b465ee728b)  -> (artifact id: '604bbac670d3879e527134e7b6ca76fa') in 0.012656 seconds
  Import took 0.015309 seconds .

========================================================================
Received Import Request.
  Time since last request: 10.345327 seconds.
  path: Assets/Game art.png
  artifactKey: Guid(ea376cdc18fb5984da826272a56c5177) Importer(815301076,1909f56bfc062723c751e8b465ee728b)
Start importing Assets/Game art.png using Guid(ea376cdc18fb5984da826272a56c5177) Importer(815301076,1909f56bfc062723c751e8b465ee728b)  -> (artifact id: 'b038a41c6bac72c534fd3cc1ed95190f') in 0.013370 seconds
  Import took 0.016025 seconds .

========================================================================
Received Import Request.
  Time since last request: 632.974498 seconds.
  path: Assets/Game art.png
  artifactKey: Guid(ea376cdc18fb5984da826272a56c5177) Importer(815301076,1909f56bfc062723c751e8b465ee728b)
Start importing Assets/Game art.png using Guid(ea376cdc18fb5984da826272a56c5177) Importer(815301076,1909f56bfc062723c751e8b465ee728b)  -> (artifact id: '52d61456b3477d7815da37c7ed2e04ef') in 0.011335 seconds
  Import took 0.014255 seconds .

========================================================================
Received Import Request.
  Time since last request: 250.927896 seconds.
  path: Assets/Rope.png
  artifactKey: Guid(ba7c420bb581c4548b4babe8fdfeb3aa) Importer(815301076,1909f56bfc062723c751e8b465ee728b)
Start importing Assets/Rope.png using Guid(ba7c420bb581c4548b4babe8fdfeb3aa) Importer(815301076,1909f56bfc062723c751e8b465ee728b)  -> (artifact id: 'c5608930194eb9fd3ad11df4bcd4e9b6') in 0.014258 seconds
  Import took 0.017118 seconds .

========================================================================
Received Import Request.
  Time since last request: 67.220971 seconds.
  path: Assets/Rope.png
  artifactKey: Guid(ba7c420bb581c4548b4babe8fdfeb3aa) Importer(815301076,1909f56bfc062723c751e8b465ee728b)
Start importing Assets/Rope.png using Guid(ba7c420bb581c4548b4babe8fdfeb3aa) Importer(815301076,1909f56bfc062723c751e8b465ee728b)  -> (artifact id: '2c9150e0df0d5c25e2e8f3de8a0c1088') in 0.009440 seconds
  Import took 0.012151 seconds .

========================================================================
Received Prepare
Registering precompiled user dll's ...
Registered in 0.000813 seconds.
Begin MonoManager ReloadAssembly
Native extension for WindowsStandalone target not found
Refreshing native plugins compatible for Editor in 0.33 ms, found 1 plugins.
Preloading 0 native plugins for Editor in 0.00 ms.
Mono: successfully reloaded assembly
- Completed reload, in  0.668 seconds
Platform modules already initialized, skipping
Refreshing native plugins compatible for Editor in 0.32 ms, found 1 plugins.
Preloading 0 native plugins for Editor in 0.00 ms.
Unloading 1798 Unused Serialized files (Serialized files now loaded: 0)
System memory in use before: 87.4 MB.
System memory in use after: 87.5 MB.

Unloading 8 unused Assets to reduce memory usage. Loaded Objects now: 2267.
Total: 1.596600 ms (FindLiveObjects: 0.185900 ms CreateObjectMapping: 0.038200 ms MarkObjects: 1.360700 ms  DeleteObjects: 0.010900 ms)

========================================================================
Received Prepare
Registering precompiled user dll's ...
Registered in 0.000675 seconds.
Begin MonoManager ReloadAssembly
Native extension for WindowsStandalone target not found
Refreshing native plugins compatible for Editor in 0.34 ms, found 1 plugins.
Preloading 0 native plugins for Editor in 0.00 ms.
Mono: successfully reloaded assembly
- Completed reload, in  0.701 seconds
Platform modules already initialized, skipping
Refreshing native plugins compatible for Editor in 0.39 ms, found 1 plugins.
Preloading 0 native plugins for Editor in 0.00 ms.
Unloading 1798 Unused Serialized files (Serialized files now loaded: 0)
System memory in use before: 87.4 MB.
System memory in use after: 87.5 MB.

Unloading 8 unused Assets to reduce memory usage. Loaded Objects now: 2270.
Total: 2.217800 ms (FindLiveObjects: 0.303200 ms CreateObjectMapping: 0.049500 ms MarkObjects: 1.847300 ms  DeleteObjects: 0.016200 ms)

========================================================================
Received Prepare
Registering precompiled user dll's ...
Registered in 0.000797 seconds.
Begin MonoManager ReloadAssembly
Native extension for WindowsStandalone target not found
Refreshing native plugins compatible for Editor in 0.36 ms, found 1 plugins.
Preloading 0 native plugins for Editor in 0.00 ms.
Mono: successfully reloaded assembly
- Completed reload, in  0.664 seconds
Platform modules already initialized, skipping
Refreshing native plugins compatible for Editor in 0.33 ms, found 1 plugins.
Preloading 0 native plugins for Editor in 0.00 ms.
Unloading 1798 Unused Serialized files (Serialized files now loaded: 0)
System memory in use before: 87.4 MB.
System memory in use after: 87.6 MB.

Unloading 8 unused Assets to reduce memory usage. Loaded Objects now: 2273.
Total: 1.669400 ms (FindLiveObjects: 0.200600 ms CreateObjectMapping: 0.048100 ms MarkObjects: 1.409000 ms  DeleteObjects: 0.011000 ms)

========================================================================
Received Import Request.
  Time since last request: 4148.262382 seconds.
  path: Assets/Sprite
  artifactKey: Guid(edac53e41958dbe4393af84ff0c7a13a) Importer(815301076,1909f56bfc062723c751e8b465ee728b)
Start importing Assets/Sprite using Guid(edac53e41958dbe4393af84ff0c7a13a) Importer(815301076,1909f56bfc062723c751e8b465ee728b)  -> (artifact id: '8d4075c96bc8c3b7ed25b10272e8dc3b') in 0.010198 seconds
  Import took 0.013557 seconds .

========================================================================
Received Import Request.
  Time since last request: 5.189342 seconds.
  path: Assets/Sprites
  artifactKey: Guid(edac53e41958dbe4393af84ff0c7a13a) Importer(815301076,1909f56bfc062723c751e8b465ee728b)
Start importing Assets/Sprites using Guid(edac53e41958dbe4393af84ff0c7a13a) Importer(815301076,1909f56bfc062723c751e8b465ee728b)  -> (artifact id: '2f8fa289642229a79d66883f328860e2') in 0.006806 seconds
  Import took 0.010137 seconds .

========================================================================
Received Import Request.
  Time since last request: 1.074352 seconds.
  path: Assets
  artifactKey: Guid(00000000000000001000000000000000) Importer(815301076,1909f56bfc062723c751e8b465ee728b)
Start importing Assets using Guid(00000000000000001000000000000000) Importer(815301076,1909f56bfc062723c751e8b465ee728b)  -> (artifact id: 'e4856052512617ee48189cf1d7999900') in 0.006147 seconds
  Import took 0.009652 seconds .

========================================================================
Received Import Request.
  Time since last request: 3.301264 seconds.
  path: Assets/Scripts
  artifactKey: Guid(c79a87b4de72a5043bfe56825dde3b43) Importer(815301076,1909f56bfc062723c751e8b465ee728b)
Start importing Assets/Scripts using Guid(c79a87b4de72a5043bfe56825dde3b43) Importer(815301076,1909f56bfc062723c751e8b465ee728b)  -> (artifact id: '3c377b7665cd0824324cf9b90017ebe3') in 0.006244 seconds
  Import took 0.009724 seconds .

========================================================================
Received Import Request.
  Time since last request: 13.003580 seconds.
  path: Assets/Scripts/PlayerScript.cs
  artifactKey: Guid(a618a5fe486a114498b6b4c5fa975399) Importer(815301076,1909f56bfc062723c751e8b465ee728b)
Start importing Assets/Scripts/PlayerScript.cs using Guid(a618a5fe486a114498b6b4c5fa975399) Importer(815301076,1909f56bfc062723c751e8b465ee728b)  -> (artifact id: '09508afb8a6969c6fe545eb1d72bf36d') in 0.009802 seconds
  Import took 0.012871 seconds .

========================================================================
Received Import Request.
  Time since last request: 0.000198 seconds.
  path: Assets/Scripts/PlayerScript.cs
  artifactKey: Guid(a618a5fe486a114498b6b4c5fa975399) Importer(815301076,1909f56bfc062723c751e8b465ee728b)
Start importing Assets/Scripts/PlayerScript.cs using Guid(a618a5fe486a114498b6b4c5fa975399) Importer(815301076,1909f56bfc062723c751e8b465ee728b)  -> (artifact id: '09508afb8a6969c6fe545eb1d72bf36d') in 0.002390 seconds
  Import took 0.005552 seconds .

========================================================================
Received Prepare
Registering precompiled user dll's ...
Registered in 0.001640 seconds.
Begin MonoManager ReloadAssembly
Native extension for WindowsStandalone target not found
Refreshing native plugins compatible for Editor in 0.36 ms, found 1 plugins.
Preloading 0 native plugins for Editor in 0.00 ms.
Mono: successfully reloaded assembly
- Completed reload, in  0.939 seconds
Platform modules already initialized, skipping
Refreshing native plugins compatible for Editor in 0.38 ms, found 1 plugins.
Preloading 0 native plugins for Editor in 0.00 ms.
Unloading 1799 Unused Serialized files (Serialized files now loaded: 0)
System memory in use before: 87.5 MB.
System memory in use after: 87.6 MB.

Unloading 8 unused Assets to reduce memory usage. Loaded Objects now: 2277.
Total: 1.892900 ms (FindLiveObjects: 0.255200 ms CreateObjectMapping: 0.041700 ms MarkObjects: 1.580000 ms  DeleteObjects: 0.014300 ms)

========================================================================
Received Prepare
Registering precompiled user dll's ...
Registered in 0.000776 seconds.
Begin MonoManager ReloadAssembly
Native extension for WindowsStandalone target not found
Refreshing native plugins compatible for Editor in 0.33 ms, found 1 plugins.
Preloading 0 native plugins for Editor in 0.00 ms.
Mono: successfully reloaded assembly
- Completed reload, in  0.665 seconds
Platform modules already initialized, skipping
Refreshing native plugins compatible for Editor in 0.32 ms, found 1 plugins.
Preloading 0 native plugins for Editor in 0.00 ms.
Unloading 1799 Unused Serialized files (Serialized files now loaded: 0)
System memory in use before: 87.5 MB.
System memory in use after: 87.6 MB.

Unloading 8 unused Assets to reduce memory usage. Loaded Objects now: 2280.
Total: 2.421600 ms (FindLiveObjects: 0.320700 ms CreateObjectMapping: 0.047600 ms MarkObjects: 2.033700 ms  DeleteObjects: 0.018300 ms)

========================================================================
Received Import Request.
  Time since last request: 110.001344 seconds.
  path: Assets/Scripts/PlayerScript.cs
  artifactKey: Guid(a618a5fe486a114498b6b4c5fa975399) Importer(815301076,1909f56bfc062723c751e8b465ee728b)
Start importing Assets/Scripts/PlayerScript.cs using Guid(a618a5fe486a114498b6b4c5fa975399) Importer(815301076,1909f56bfc062723c751e8b465ee728b)  -> (artifact id: '30ed1fe73a7001d9d36b21235e34de8b') in 0.006790 seconds
  Import took 0.010171 seconds .

========================================================================
Received Prepare
Registering precompiled user dll's ...
Registered in 0.000839 seconds.
Begin MonoManager ReloadAssembly
Native extension for WindowsStandalone target not found
Refreshing native plugins compatible for Editor in 0.33 ms, found 1 plugins.
Preloading 0 native plugins for Editor in 0.00 ms.
Mono: successfully reloaded assembly
- Completed reload, in  0.700 seconds
Platform modules already initialized, skipping
Refreshing native plugins compatible for Editor in 0.34 ms, found 1 plugins.
Preloading 0 native plugins for Editor in 0.00 ms.
Unloading 1801 Unused Serialized files (Serialized files now loaded: 0)
System memory in use before: 87.8 MB.
System memory in use after: 87.9 MB.

Unloading 9 unused Assets to reduce memory usage. Loaded Objects now: 2284.
Total: 1.767400 ms (FindLiveObjects: 0.283600 ms CreateObjectMapping: 0.041400 ms MarkObjects: 1.395900 ms  DeleteObjects: 0.045100 ms)

========================================================================
Received Import Request.
  Time since last request: 177.954788 seconds.
  path: Assets/Resources/Prefabs/Bullet Sparks.prefab
  artifactKey: Guid(ba7f53df4a2645344b654b113477b6e6) Importer(815301076,1909f56bfc062723c751e8b465ee728b)
Start importing Assets/Resources/Prefabs/Bullet Sparks.prefab using Guid(ba7f53df4a2645344b654b113477b6e6) Importer(815301076,1909f56bfc062723c751e8b465ee728b)  -> (artifact id: '4d1896588c49ddc3d06f8477b8fa0ff4') in 0.026537 seconds
  Import took 0.030495 seconds .

========================================================================
Received Import Request.
  Time since last request: 0.000160 seconds.
  path: Assets/Resources/Prefabs/ExplosionCircleFX.prefab
  artifactKey: Guid(7d1e1468f1aa40747a4bd602436f340e) Importer(815301076,1909f56bfc062723c751e8b465ee728b)
Start importing Assets/Resources/Prefabs/ExplosionCircleFX.prefab using Guid(7d1e1468f1aa40747a4bd602436f340e) Importer(815301076,1909f56bfc062723c751e8b465ee728b)  -> (artifact id: '9aa61e7a482464b0d0a429befce2844d') in 0.007199 seconds
  Import took 0.009657 seconds .

========================================================================
Received Import Request.
  Time since last request: 0.000142 seconds.
  path: Assets/Resources/Prefabs/LandDustFX.prefab
  artifactKey: Guid(9e26ff678d2e10d49a2ec2f1e996b141) Importer(815301076,1909f56bfc062723c751e8b465ee728b)
Start importing Assets/Resources/Prefabs/LandDustFX.prefab using Guid(9e26ff678d2e10d49a2ec2f1e996b141) Importer(815301076,1909f56bfc062723c751e8b465ee728b)  -> (artifact id: '5f6d1bc08bd3603c675c5c9de1cb9f18') in 0.006788 seconds
  Import took 0.009137 seconds .

========================================================================
Received Import Request.
  Time since last request: 0.000150 seconds.
  path: Assets/Resources/Prefabs/Bullet.prefab
  artifactKey: Guid(3dd2d5baf5b88c144b60650ca49aa9c4) Importer(815301076,1909f56bfc062723c751e8b465ee728b)
Start importing Assets/Resources/Prefabs/Bullet.prefab using Guid(3dd2d5baf5b88c144b60650ca49aa9c4) Importer(815301076,1909f56bfc062723c751e8b465ee728b)  -> (artifact id: '3fdd8ae7afa74a210d577c8d21992c6a') in 0.006278 seconds
  Import took 0.008617 seconds .

========================================================================
Received Import Request.
  Time since last request: 0.000170 seconds.
  path: Assets/Resources/Prefabs/JumpDustFX.prefab
  artifactKey: Guid(bbea3aa6d575dfc40b6a4d2a7b49b8ac) Importer(815301076,1909f56bfc062723c751e8b465ee728b)
Start importing Assets/Resources/Prefabs/JumpDustFX.prefab using Guid(bbea3aa6d575dfc40b6a4d2a7b49b8ac) Importer(815301076,1909f56bfc062723c751e8b465ee728b)  -> (artifact id: '31f2d87c3b6f6134c4aff510817962c7') in 0.006545 seconds
  Import took 0.009052 seconds .

========================================================================
Received Import Request.
  Time since last request: 0.000192 seconds.
  path: Assets/Resources/Prefabs/Explosion FX.prefab
  artifactKey: Guid(c1fc7207d20e68a4ba400d3da513db4a) Importer(815301076,1909f56bfc062723c751e8b465ee728b)
Start importing Assets/Resources/Prefabs/Explosion FX.prefab using Guid(c1fc7207d20e68a4ba400d3da513db4a) Importer(815301076,1909f56bfc062723c751e8b465ee728b)  -> (artifact id: '6d980198d86f87ce543e1f198902c959') in 0.006532 seconds
  Import took 0.009154 seconds .

========================================================================
Received Import Request.
  Time since last request: 79.167681 seconds.
  path: Assets/Sprites/dust.png
  artifactKey: Guid(277548a4f2b104c47bb1d6f9ab22c5c3) Importer(815301076,1909f56bfc062723c751e8b465ee728b)
Start importing Assets/Sprites/dust.png using Guid(277548a4f2b104c47bb1d6f9ab22c5c3) Importer(815301076,1909f56bfc062723c751e8b465ee728b)  -> (artifact id: 'ce8d199e8b6ffd7dfa4c6c511f48d762') in 0.033367 seconds
  Import took 0.036568 seconds .

========================================================================
Received Import Request.
  Time since last request: 30.568158 seconds.
  path: Assets/Sprites/dust.png
  artifactKey: Guid(75e7108d624a4024889506667aedf71d) Importer(815301076,1909f56bfc062723c751e8b465ee728b)
Start importing Assets/Sprites/dust.png using Guid(75e7108d624a4024889506667aedf71d) Importer(815301076,1909f56bfc062723c751e8b465ee728b)  -> (artifact id: 'b296270c83bef52be6801d8899cdf723') in 0.013070 seconds
  Import took 0.016202 seconds .

========================================================================
Received Import Request.
  Time since last request: 63.963115 seconds.
  path: Assets/Resources/Prefabs
  artifactKey: Guid(e782b73ff012d9742ba2f9220dc46c1c) Importer(815301076,1909f56bfc062723c751e8b465ee728b)
Start importing Assets/Resources/Prefabs using Guid(e782b73ff012d9742ba2f9220dc46c1c) Importer(815301076,1909f56bfc062723c751e8b465ee728b)  -> (artifact id: '0571bb6fa1503395651975484369a177') in 0.006572 seconds
  Import took 0.009856 seconds .

========================================================================
Received Import Request.
  Time since last request: 109.228038 seconds.
  path: Assets/Materials/DustMat.mat
  artifactKey: Guid(52c1749b3934efc4fa3a01d4c5cb3894) Importer(815301076,1909f56bfc062723c751e8b465ee728b)
Start importing Assets/Materials/DustMat.mat using Guid(52c1749b3934efc4fa3a01d4c5cb3894) Importer(815301076,1909f56bfc062723c751e8b465ee728b)  -> (artifact id: '3815e43287f77dc29c77a740e2a6c06f') in 0.067049 seconds
  Import took 0.070658 seconds .

========================================================================
Received Import Request.
  Time since last request: 105.532607 seconds.
  path: Assets/Resources/Prefabs/Bullet.prefab
  artifactKey: Guid(3dd2d5baf5b88c144b60650ca49aa9c4) Importer(815301076,1909f56bfc062723c751e8b465ee728b)
Start importing Assets/Resources/Prefabs/Bullet.prefab using Guid(3dd2d5baf5b88c144b60650ca49aa9c4) Importer(815301076,1909f56bfc062723c751e8b465ee728b)  -> (artifact id: 'e07f4ed16525e67ec64c18d2901a1f1f') in 0.020416 seconds
  Import took 0.023319 seconds .

========================================================================
Received Import Request.
  Time since last request: 0.000165 seconds.
  path: Assets/Resources/Prefabs/ExplosionCircleFX.prefab
  artifactKey: Guid(7d1e1468f1aa40747a4bd602436f340e) Importer(815301076,1909f56bfc062723c751e8b465ee728b)
Start importing Assets/Resources/Prefabs/ExplosionCircleFX.prefab using Guid(7d1e1468f1aa40747a4bd602436f340e) Importer(815301076,1909f56bfc062723c751e8b465ee728b)  -> (artifact id: '88e0a2b09e6b662e7eb5659d9c628a69') in 0.020616 seconds
  Import took 0.023070 seconds .

========================================================================
Received Import Request.
  Time since last request: 22.216631 seconds.
  path: Assets/Sprites/Explosion 2/1.png
  artifactKey: Guid(93be9009b1b0d634d891571023ea3cd0) Importer(815301076,1909f56bfc062723c751e8b465ee728b)
Start importing Assets/Sprites/Explosion 2/1.png using Guid(93be9009b1b0d634d891571023ea3cd0) Importer(815301076,1909f56bfc062723c751e8b465ee728b)  -> (artifact id: '50f08c4d03a3dc12c6cfc6782d09db5e') in 0.013810 seconds
  Import took 0.016680 seconds .

========================================================================
Received Import Request.
  Time since last request: 0.000187 seconds.
  path: Assets/Sprites/Explosion 2/4.png
  artifactKey: Guid(8be96f07c6971c24181d6fff2641f2bd) Importer(815301076,1909f56bfc062723c751e8b465ee728b)
Start importing Assets/Sprites/Explosion 2/4.png using Guid(8be96f07c6971c24181d6fff2641f2bd) Importer(815301076,1909f56bfc062723c751e8b465ee728b)  -> (artifact id: '9b9c6d25efa39b9d717d8bcaa4c020f0') in 0.011986 seconds
  Import took 0.014887 seconds .

========================================================================
Received Import Request.
  Time since last request: 0.000135 seconds.
  path: Assets/Sprites/Explosion 2/2.png
  artifactKey: Guid(55be9de0773f7a74999f77bf4d5052cc) Importer(815301076,1909f56bfc062723c751e8b465ee728b)
Start importing Assets/Sprites/Explosion 2/2.png using Guid(55be9de0773f7a74999f77bf4d5052cc) Importer(815301076,1909f56bfc062723c751e8b465ee728b)  -> (artifact id: 'c27eb55fded5a920ceb4428985102667') in 0.012451 seconds
  Import took 0.014851 seconds .

========================================================================
Received Import Request.
  Time since last request: 0.000152 seconds.
  path: Assets/Sprites/Explosion 2/11.png
  artifactKey: Guid(762016d47822cbf4a917f4e0f20f7716) Importer(815301076,1909f56bfc062723c751e8b465ee728b)
Start importing Assets/Sprites/Explosion 2/11.png using Guid(762016d47822cbf4a917f4e0f20f7716) Importer(815301076,1909f56bfc062723c751e8b465ee728b)  -> (artifact id: 'a4e244189c1d2b2738971b76c4c9c865') in 0.011177 seconds
  Import took 0.013517 seconds .

========================================================================
Received Import Request.
  Time since last request: 0.000181 seconds.
  path: Assets/Sprites/Explosion 2/2.png
  artifactKey: Guid(55be9de0773f7a74999f77bf4d5052cc) Importer(815301076,1909f56bfc062723c751e8b465ee728b)
Start importing Assets/Sprites/Explosion 2/2.png using Guid(55be9de0773f7a74999f77bf4d5052cc) Importer(815301076,1909f56bfc062723c751e8b465ee728b)  -> (artifact id: 'c27eb55fded5a920ceb4428985102667') in 0.007573 seconds
  Import took 0.009936 seconds .

========================================================================
Received Import Request.
  Time since last request: 0.000189 seconds.
  path: Assets/Sprites/Explosion 2/6.png
  artifactKey: Guid(4b5964a3828f63a4ca256bf5444c2523) Importer(815301076,1909f56bfc062723c751e8b465ee728b)
Start importing Assets/Sprites/Explosion 2/6.png using Guid(4b5964a3828f63a4ca256bf5444c2523) Importer(815301076,1909f56bfc062723c751e8b465ee728b)  -> (artifact id: '20f2dc14019fa00afea0d05137c34263') in 0.013858 seconds
  Import took 0.016769 seconds .

========================================================================
Received Import Request.
  Time since last request: 0.000189 seconds.
  path: Assets/Sprites/Explosion 2/12.png
  artifactKey: Guid(01ae014fde336d2469cbbb342cf25af7) Importer(815301076,1909f56bfc062723c751e8b465ee728b)
Start importing Assets/Sprites/Explosion 2/12.png using Guid(01ae014fde336d2469cbbb342cf25af7) Importer(815301076,1909f56bfc062723c751e8b465ee728b)  -> (artifact id: '1d9bd1c58f196d6d913d1a4c9fb80fd3') in 0.010832 seconds
  Import took 0.013319 seconds .

========================================================================
Received Import Request.
  Time since last request: 0.000154 seconds.
  path: Assets/Sprites/Explosion 2/1.png
  artifactKey: Guid(93be9009b1b0d634d891571023ea3cd0) Importer(815301076,1909f56bfc062723c751e8b465ee728b)
Start importing Assets/Sprites/Explosion 2/1.png using Guid(93be9009b1b0d634d891571023ea3cd0) Importer(815301076,1909f56bfc062723c751e8b465ee728b)  -> (artifact id: '50f08c4d03a3dc12c6cfc6782d09db5e') in 0.008434 seconds
  Import took 0.010738 seconds .

========================================================================
Received Import Request.
  Time since last request: 0.000150 seconds.
  path: Assets/Sprites/Explosion 2/8.png
  artifactKey: Guid(6b85d9b7af8b94445b8a45b4a3ca1f42) Importer(815301076,1909f56bfc062723c751e8b465ee728b)
Start importing Assets/Sprites/Explosion 2/8.png using Guid(6b85d9b7af8b94445b8a45b4a3ca1f42) Importer(815301076,1909f56bfc062723c751e8b465ee728b)  -> (artifact id: '0e622b7151d6f0211cfb328835b000f5') in 0.010238 seconds
  Import took 0.012660 seconds .

========================================================================
Received Import Request.
  Time since last request: 0.000160 seconds.
  path: Assets/Sprites/Explosion 2/10.png
  artifactKey: Guid(37e523b927da5b645ad7250c41bec44a) Importer(815301076,1909f56bfc062723c751e8b465ee728b)
Start importing Assets/Sprites/Explosion 2/10.png using Guid(37e523b927da5b645ad7250c41bec44a) Importer(815301076,1909f56bfc062723c751e8b465ee728b)  -> (artifact id: '397eda16428f5b0059f9d3bf29a143e5') in 0.012686 seconds
  Import took 0.015314 seconds .

========================================================================
Received Import Request.
  Time since last request: 0.000139 seconds.
  path: Assets/Sprites/char sprite.png
  artifactKey: Guid(7dc21e7994d068e4298ad3cbd3d7f542) Importer(815301076,1909f56bfc062723c751e8b465ee728b)
Start importing Assets/Sprites/char sprite.png using Guid(7dc21e7994d068e4298ad3cbd3d7f542) Importer(815301076,1909f56bfc062723c751e8b465ee728b)  -> (artifact id: '558e84712794db1625a602ace8d3a6e7') in 0.111767 seconds
  Import took 0.114859 seconds .

========================================================================
Received Import Request.
  Time since last request: 0.000185 seconds.
  path: Assets/Sprites/Explosion 2/7.png
  artifactKey: Guid(1d40e90286f6dcc4dbab0e50f4d6c7de) Importer(815301076,1909f56bfc062723c751e8b465ee728b)
Start importing Assets/Sprites/Explosion 2/7.png using Guid(1d40e90286f6dcc4dbab0e50f4d6c7de) Importer(815301076,1909f56bfc062723c751e8b465ee728b)  -> (artifact id: 'd3e3f37e1d3a21cf312d9b939bc9ec8c') in 0.010905 seconds
  Import took 0.013369 seconds .

========================================================================
Received Import Request.
  Time since last request: 0.000157 seconds.
  path: Assets/Sprites/Explosion 2/5.png
  artifactKey: Guid(ed668768f2f96a64b95c1c9d6a3f6031) Importer(815301076,1909f56bfc062723c751e8b465ee728b)
Start importing Assets/Sprites/Explosion 2/5.png using Guid(ed668768f2f96a64b95c1c9d6a3f6031) Importer(815301076,1909f56bfc062723c751e8b465ee728b)  -> (artifact id: 'cdc6185c271c1e617430c7582e53827d') in 0.011726 seconds
  Import took 0.014265 seconds .

========================================================================
Received Import Request.
  Time since last request: 0.000172 seconds.
  path: Assets/Sprites/Explosion 2/9.png
  artifactKey: Guid(80ef77e2e6c208e4f96c7e4f6c6a9b09) Importer(815301076,1909f56bfc062723c751e8b465ee728b)
Start importing Assets/Sprites/Explosion 2/9.png using Guid(80ef77e2e6c208e4f96c7e4f6c6a9b09) Importer(815301076,1909f56bfc062723c751e8b465ee728b)  -> (artifact id: '4edfe06fa1e842f175c5c0680c545f26') in 0.012141 seconds
  Import took 0.014649 seconds .

========================================================================
Received Import Request.
  Time since last request: 0.000141 seconds.
  path: Assets/Sprites/Explosion 2/3.png
  artifactKey: Guid(3f0b7e367b6fe6a45a6f53b94b1ba89f) Importer(815301076,1909f56bfc062723c751e8b465ee728b)
Start importing Assets/Sprites/Explosion 2/3.png using Guid(3f0b7e367b6fe6a45a6f53b94b1ba89f) Importer(815301076,1909f56bfc062723c751e8b465ee728b)  -> (artifact id: 'ff6a4826f1663fade0bad33099c945b5') in 0.010775 seconds
  Import took 0.013109 seconds .

========================================================================
Received Prepare
Registering precompiled user dll's ...
Registered in 0.000738 seconds.
Begin MonoManager ReloadAssembly
Native extension for WindowsStandalone target not found
Refreshing native plugins compatible for Editor in 0.34 ms, found 1 plugins.
Preloading 0 native plugins for Editor in 0.00 ms.
Mono: successfully reloaded assembly
- Completed reload, in  0.663 seconds
Platform modules already initialized, skipping
Refreshing native plugins compatible for Editor in 0.33 ms, found 1 plugins.
Preloading 0 native plugins for Editor in 0.00 ms.
Unloading 1801 Unused Serialized files (Serialized files now loaded: 0)
System memory in use before: 88.2 MB.
System memory in use after: 88.3 MB.

Unloading 9 unused Assets to reduce memory usage. Loaded Objects now: 2328.
Total: 1.610400 ms (FindLiveObjects: 0.184000 ms CreateObjectMapping: 0.040300 ms MarkObjects: 1.351500 ms  DeleteObjects: 0.033700 ms)

========================================================================
Received Prepare
Registering precompiled user dll's ...
Registered in 0.000764 seconds.
Begin MonoManager ReloadAssembly
Native extension for WindowsStandalone target not found
Refreshing native plugins compatible for Editor in 0.34 ms, found 1 plugins.
Preloading 0 native plugins for Editor in 0.00 ms.
Mono: successfully reloaded assembly
- Completed reload, in  0.699 seconds
Platform modules already initialized, skipping
Refreshing native plugins compatible for Editor in 0.47 ms, found 1 plugins.
Preloading 0 native plugins for Editor in 0.00 ms.
Unloading 1801 Unused Serialized files (Serialized files now loaded: 0)
System memory in use before: 88.2 MB.
System memory in use after: 88.3 MB.

Unloading 9 unused Assets to reduce memory usage. Loaded Objects now: 2331.
Total: 3.331300 ms (FindLiveObjects: 0.439800 ms CreateObjectMapping: 0.053400 ms MarkObjects: 2.763000 ms  DeleteObjects: 0.073400 ms)

========================================================================
Received Prepare
Registering precompiled user dll's ...
Registered in 0.000723 seconds.
Begin MonoManager ReloadAssembly
Native extension for WindowsStandalone target not found
Refreshing native plugins compatible for Editor in 0.45 ms, found 1 plugins.
Preloading 0 native plugins for Editor in 0.00 ms.
Mono: successfully reloaded assembly
- Completed reload, in  0.852 seconds
Platform modules already initialized, skipping
Refreshing native plugins compatible for Editor in 0.32 ms, found 1 plugins.
Preloading 0 native plugins for Editor in 0.00 ms.
Unloading 1802 Unused Serialized files (Serialized files now loaded: 0)
System memory in use before: 88.2 MB.
System memory in use after: 88.3 MB.

Unloading 9 unused Assets to reduce memory usage. Loaded Objects now: 2335.
Total: 2.592400 ms (FindLiveObjects: 0.237700 ms CreateObjectMapping: 0.040200 ms MarkObjects: 2.239800 ms  DeleteObjects: 0.073000 ms)

========================================================================
Received Prepare
Registering precompiled user dll's ...
Registered in 0.000682 seconds.
Begin MonoManager ReloadAssembly
Native extension for WindowsStandalone target not found
Refreshing native plugins compatible for Editor in 0.34 ms, found 1 plugins.
Preloading 0 native plugins for Editor in 0.00 ms.
Mono: successfully reloaded assembly
- Completed reload, in  0.688 seconds
Platform modules already initialized, skipping
Refreshing native plugins compatible for Editor in 0.34 ms, found 1 plugins.
Preloading 0 native plugins for Editor in 0.00 ms.
Unloading 1802 Unused Serialized files (Serialized files now loaded: 0)
System memory in use before: 88.2 MB.
System memory in use after: 88.3 MB.

Unloading 9 unused Assets to reduce memory usage. Loaded Objects now: 2338.
Total: 1.608600 ms (FindLiveObjects: 0.193000 ms CreateObjectMapping: 0.038800 ms MarkObjects: 1.335500 ms  DeleteObjects: 0.040600 ms)

========================================================================
Received Prepare
Registering precompiled user dll's ...
Registered in 0.000804 seconds.
Begin MonoManager ReloadAssembly
Native extension for WindowsStandalone target not found
Refreshing native plugins compatible for Editor in 0.43 ms, found 1 plugins.
Preloading 0 native plugins for Editor in 0.00 ms.
Mono: successfully reloaded assembly
- Completed reload, in  0.693 seconds
Platform modules already initialized, skipping
Refreshing native plugins compatible for Editor in 0.32 ms, found 1 plugins.
Preloading 0 native plugins for Editor in 0.00 ms.
Unloading 1802 Unused Serialized files (Serialized files now loaded: 0)
System memory in use before: 88.2 MB.
System memory in use after: 88.3 MB.

Unloading 9 unused Assets to reduce memory usage. Loaded Objects now: 2341.
Total: 1.905300 ms (FindLiveObjects: 0.232300 ms CreateObjectMapping: 0.042100 ms MarkObjects: 1.581900 ms  DeleteObjects: 0.047400 ms)

========================================================================
Received Prepare
Registering precompiled user dll's ...
Registered in 0.000696 seconds.
Begin MonoManager ReloadAssembly
Native extension for WindowsStandalone target not found
Refreshing native plugins compatible for Editor in 0.36 ms, found 1 plugins.
Preloading 0 native plugins for Editor in 0.00 ms.
Mono: successfully reloaded assembly
- Completed reload, in  0.662 seconds
Platform modules already initialized, skipping
Refreshing native plugins compatible for Editor in 0.30 ms, found 1 plugins.
Preloading 0 native plugins for Editor in 0.00 ms.
Unloading 1802 Unused Serialized files (Serialized files now loaded: 0)
System memory in use before: 88.3 MB.
System memory in use after: 88.3 MB.

Unloading 9 unused Assets to reduce memory usage. Loaded Objects now: 2344.
Total: 1.652600 ms (FindLiveObjects: 0.194000 ms CreateObjectMapping: 0.040500 ms MarkObjects: 1.379000 ms  DeleteObjects: 0.038300 ms)

========================================================================
Received Import Request.
  Time since last request: 749.073989 seconds.
  path: Assets/Resources/Prefabs/Bullet.prefab
  artifactKey: Guid(3dd2d5baf5b88c144b60650ca49aa9c4) Importer(815301076,1909f56bfc062723c751e8b465ee728b)
Start importing Assets/Resources/Prefabs/Bullet.prefab using Guid(3dd2d5baf5b88c144b60650ca49aa9c4) Importer(815301076,1909f56bfc062723c751e8b465ee728b)  -> (artifact id: '69d808952020c97dc4838fcd4cc78df1') in 0.060146 seconds
  Import took 0.063960 seconds .

========================================================================
Received Prepare
Registering precompiled user dll's ...
Registered in 0.000768 seconds.
Begin MonoManager ReloadAssembly
Native extension for WindowsStandalone target not found
Refreshing native plugins compatible for Editor in 0.34 ms, found 1 plugins.
Preloading 0 native plugins for Editor in 0.00 ms.
Mono: successfully reloaded assembly
- Completed reload, in  0.699 seconds
Platform modules already initialized, skipping
Refreshing native plugins compatible for Editor in 0.34 ms, found 1 plugins.
Preloading 0 native plugins for Editor in 0.00 ms.
Unloading 1803 Unused Serialized files (Serialized files now loaded: 0)
System memory in use before: 88.3 MB.
System memory in use after: 88.4 MB.

Unloading 9 unused Assets to reduce memory usage. Loaded Objects now: 2349.
Total: 1.718300 ms (FindLiveObjects: 0.208300 ms CreateObjectMapping: 0.043300 ms MarkObjects: 1.426400 ms  DeleteObjects: 0.039400 ms)

========================================================================
Received Import Request.
  Time since last request: 9.650846 seconds.
  path: Assets/Resources/Prefabs/Bullet.prefab
  artifactKey: Guid(3dd2d5baf5b88c144b60650ca49aa9c4) Importer(815301076,1909f56bfc062723c751e8b465ee728b)
Start importing Assets/Resources/Prefabs/Bullet.prefab using Guid(3dd2d5baf5b88c144b60650ca49aa9c4) Importer(815301076,1909f56bfc062723c751e8b465ee728b)  -> (artifact id: 'e9a5c68b0582e28631951619859ba7d1') in 0.040827 seconds
  Import took 0.044224 seconds .

========================================================================
Received Prepare
Registering precompiled user dll's ...
Registered in 0.000812 seconds.
Begin MonoManager ReloadAssembly
Native extension for WindowsStandalone target not found
Refreshing native plugins compatible for Editor in 0.34 ms, found 1 plugins.
Preloading 0 native plugins for Editor in 0.00 ms.
Mono: successfully reloaded assembly
- Completed reload, in  0.657 seconds
Platform modules already initialized, skipping
Refreshing native plugins compatible for Editor in 0.33 ms, found 1 plugins.
Preloading 0 native plugins for Editor in 0.00 ms.
Unloading 1803 Unused Serialized files (Serialized files now loaded: 0)
System memory in use before: 88.3 MB.
System memory in use after: 88.4 MB.

Unloading 9 unused Assets to reduce memory usage. Loaded Objects now: 2353.
Total: 1.710200 ms (FindLiveObjects: 0.204500 ms CreateObjectMapping: 0.039900 ms MarkObjects: 1.425200 ms  DeleteObjects: 0.039800 ms)

========================================================================
Received Import Request.
  Time since last request: 280.739080 seconds.
  path: Assets/Interface.cs
  artifactKey: Guid(b0fdae1dc347d174895dfab889681ec8) Importer(815301076,1909f56bfc062723c751e8b465ee728b)
Start importing Assets/Interface.cs using Guid(b0fdae1dc347d174895dfab889681ec8) Importer(815301076,1909f56bfc062723c751e8b465ee728b)  -> (artifact id: 'd098ee296bdb6d8c8c52165436e94188') in 0.008590 seconds
  Import took 0.011315 seconds .

========================================================================
Received Prepare
Registering precompiled user dll's ...
Registered in 0.000790 seconds.
Begin MonoManager ReloadAssembly
Native extension for WindowsStandalone target not found
Refreshing native plugins compatible for Editor in 0.34 ms, found 1 plugins.
Preloading 0 native plugins for Editor in 0.00 ms.
Mono: successfully reloaded assembly
- Completed reload, in  0.685 seconds
Platform modules already initialized, skipping
Refreshing native plugins compatible for Editor in 0.34 ms, found 1 plugins.
Preloading 0 native plugins for Editor in 0.00 ms.
Unloading 1804 Unused Serialized files (Serialized files now loaded: 0)
System memory in use before: 88.3 MB.
System memory in use after: 88.4 MB.

Unloading 9 unused Assets to reduce memory usage. Loaded Objects now: 2357.
Total: 1.671200 ms (FindLiveObjects: 0.196500 ms CreateObjectMapping: 0.041800 ms MarkObjects: 1.394700 ms  DeleteObjects: 0.037600 ms)

========================================================================
Received Prepare
Registering precompiled user dll's ...
Registered in 0.000785 seconds.
Begin MonoManager ReloadAssembly
Native extension for WindowsStandalone target not found
Refreshing native plugins compatible for Editor in 0.34 ms, found 1 plugins.
Preloading 0 native plugins for Editor in 0.00 ms.
Mono: successfully reloaded assembly
- Completed reload, in  0.662 seconds
Platform modules already initialized, skipping
Refreshing native plugins compatible for Editor in 0.43 ms, found 1 plugins.
Preloading 0 native plugins for Editor in 0.00 ms.
Unloading 1804 Unused Serialized files (Serialized files now loaded: 0)
System memory in use before: 88.3 MB.
System memory in use after: 88.4 MB.

Unloading 9 unused Assets to reduce memory usage. Loaded Objects now: 2360.
Total: 1.668500 ms (FindLiveObjects: 0.210100 ms CreateObjectMapping: 0.047300 ms MarkObjects: 1.370900 ms  DeleteObjects: 0.039500 ms)

========================================================================
Received Import Request.
  Time since last request: 201.927397 seconds.
  path: Assets/Interface.cs
  artifactKey: Guid(b0fdae1dc347d174895dfab889681ec8) Importer(815301076,1909f56bfc062723c751e8b465ee728b)
Start importing Assets/Interface.cs using Guid(b0fdae1dc347d174895dfab889681ec8) Importer(815301076,1909f56bfc062723c751e8b465ee728b)  -> (artifact id: 'd33fc2f229572c77a2762c74b7db8984') in 0.004175 seconds
  Import took 0.006690 seconds .

========================================================================
Received Import Request.
  Time since last request: 0.007149 seconds.
  path: Assets/Interface.cs
  artifactKey: Guid(b0fdae1dc347d174895dfab889681ec8) Importer(815301076,1909f56bfc062723c751e8b465ee728b)
Start importing Assets/Interface.cs using Guid(b0fdae1dc347d174895dfab889681ec8) Importer(815301076,1909f56bfc062723c751e8b465ee728b)  -> (artifact id: 'd33fc2f229572c77a2762c74b7db8984') in 0.001943 seconds
  Import took 0.004058 seconds .

========================================================================
Received Prepare
Registering precompiled user dll's ...
Registered in 0.000867 seconds.
Begin MonoManager ReloadAssembly
Native extension for WindowsStandalone target not found
Refreshing native plugins compatible for Editor in 0.33 ms, found 1 plugins.
Preloading 0 native plugins for Editor in 0.00 ms.
Mono: successfully reloaded assembly
- Completed reload, in  0.666 seconds
Platform modules already initialized, skipping
Refreshing native plugins compatible for Editor in 0.32 ms, found 1 plugins.
Preloading 0 native plugins for Editor in 0.00 ms.
Unloading 1804 Unused Serialized files (Serialized files now loaded: 0)
System memory in use before: 88.4 MB.
System memory in use after: 88.4 MB.

Unloading 9 unused Assets to reduce memory usage. Loaded Objects now: 2363.
Total: 1.871300 ms (FindLiveObjects: 0.259400 ms CreateObjectMapping: 0.053100 ms MarkObjects: 1.509100 ms  DeleteObjects: 0.048700 ms)

========================================================================
Received Prepare
Registering precompiled user dll's ...
Registered in 0.000766 seconds.
Begin MonoManager ReloadAssembly
Native extension for WindowsStandalone target not found
Refreshing native plugins compatible for Editor in 0.33 ms, found 1 plugins.
Preloading 0 native plugins for Editor in 0.00 ms.
Mono: successfully reloaded assembly
- Completed reload, in  0.667 seconds
Platform modules already initialized, skipping
Refreshing native plugins compatible for Editor in 0.34 ms, found 1 plugins.
Preloading 0 native plugins for Editor in 0.00 ms.
Unloading 1804 Unused Serialized files (Serialized files now loaded: 0)
System memory in use before: 88.4 MB.
System memory in use after: 88.5 MB.

Unloading 9 unused Assets to reduce memory usage. Loaded Objects now: 2366.
Total: 1.664400 ms (FindLiveObjects: 0.218700 ms CreateObjectMapping: 0.052100 ms MarkObjects: 1.353400 ms  DeleteObjects: 0.039300 ms)

========================================================================
Received Prepare
Registering precompiled user dll's ...
Registered in 0.000712 seconds.
Begin MonoManager ReloadAssembly
Native extension for WindowsStandalone target not found
Refreshing native plugins compatible for Editor in 0.35 ms, found 1 plugins.
Preloading 0 native plugins for Editor in 0.00 ms.
Mono: successfully reloaded assembly
- Completed reload, in  0.670 seconds
Platform modules already initialized, skipping
Refreshing native plugins compatible for Editor in 0.32 ms, found 1 plugins.
Preloading 0 native plugins for Editor in 0.00 ms.
Unloading 1804 Unused Serialized files (Serialized files now loaded: 0)
System memory in use before: 88.4 MB.
System memory in use after: 88.5 MB.

Unloading 9 unused Assets to reduce memory usage. Loaded Objects now: 2369.
Total: 1.884400 ms (FindLiveObjects: 0.201400 ms CreateObjectMapping: 0.039300 ms MarkObjects: 1.596600 ms  DeleteObjects: 0.046300 ms)

========================================================================
Received Prepare
Registering precompiled user dll's ...
Registered in 0.000806 seconds.
Begin MonoManager ReloadAssembly
Native extension for WindowsStandalone target not found
Refreshing native plugins compatible for Editor in 0.35 ms, found 1 plugins.
Preloading 0 native plugins for Editor in 0.00 ms.
Mono: successfully reloaded assembly
- Completed reload, in  0.655 seconds
Platform modules already initialized, skipping
Refreshing native plugins compatible for Editor in 0.33 ms, found 1 plugins.
Preloading 0 native plugins for Editor in 0.00 ms.
Unloading 1804 Unused Serialized files (Serialized files now loaded: 0)
System memory in use before: 88.4 MB.
System memory in use after: 88.5 MB.

Unloading 9 unused Assets to reduce memory usage. Loaded Objects now: 2372.
Total: 1.838200 ms (FindLiveObjects: 0.224000 ms CreateObjectMapping: 0.049500 ms MarkObjects: 1.518600 ms  DeleteObjects: 0.045200 ms)

========================================================================
Received Prepare
Registering precompiled user dll's ...
Registered in 0.000692 seconds.
Begin MonoManager ReloadAssembly
Native extension for WindowsStandalone target not found
Refreshing native plugins compatible for Editor in 0.34 ms, found 1 plugins.
Preloading 0 native plugins for Editor in 0.00 ms.
Mono: successfully reloaded assembly
- Completed reload, in  0.675 seconds
Platform modules already initialized, skipping
Refreshing native plugins compatible for Editor in 0.39 ms, found 1 plugins.
Preloading 0 native plugins for Editor in 0.00 ms.
Unloading 1804 Unused Serialized files (Serialized files now loaded: 0)
System memory in use before: 88.4 MB.
System memory in use after: 88.5 MB.

Unloading 9 unused Assets to reduce memory usage. Loaded Objects now: 2375.
Total: 1.660700 ms (FindLiveObjects: 0.194100 ms CreateObjectMapping: 0.040100 ms MarkObjects: 1.384600 ms  DeleteObjects: 0.041200 ms)

========================================================================
Received Prepare
Registering precompiled user dll's ...
Registered in 0.000763 seconds.
Begin MonoManager ReloadAssembly
Native extension for WindowsStandalone target not found
Refreshing native plugins compatible for Editor in 0.33 ms, found 1 plugins.
Preloading 0 native plugins for Editor in 0.00 ms.
Mono: successfully reloaded assembly
- Completed reload, in  0.659 seconds
Platform modules already initialized, skipping
Refreshing native plugins compatible for Editor in 0.52 ms, found 1 plugins.
Preloading 0 native plugins for Editor in 0.00 ms.
Unloading 1804 Unused Serialized files (Serialized files now loaded: 0)
System memory in use before: 88.4 MB.
System memory in use after: 88.5 MB.

Unloading 9 unused Assets to reduce memory usage. Loaded Objects now: 2378.
Total: 2.505600 ms (FindLiveObjects: 0.224600 ms CreateObjectMapping: 0.042400 ms MarkObjects: 2.192400 ms  DeleteObjects: 0.045300 ms)

========================================================================
Received Import Request.
  Time since last request: 268.996895 seconds.
  path: ProjectSettings/TagManager.asset
  artifactKey: Guid(00000000000000003000000000000000) Importer(815301076,1909f56bfc062723c751e8b465ee728b)
Start importing ProjectSettings/TagManager.asset using Guid(00000000000000003000000000000000) Importer(815301076,1909f56bfc062723c751e8b465ee728b)  -> (artifact id: '1c037ca2c5e51484f479ce63818a6327') in 0.013057 seconds
  Import took 0.016158 seconds .

========================================================================
Received Prepare
Registering precompiled user dll's ...
Registered in 0.001136 seconds.
Begin MonoManager ReloadAssembly
Native extension for WindowsStandalone target not found
Refreshing native plugins compatible for Editor in 0.34 ms, found 1 plugins.
Preloading 0 native plugins for Editor in 0.00 ms.
Mono: successfully reloaded assembly
- Completed reload, in  0.655 seconds
Platform modules already initialized, skipping
Refreshing native plugins compatible for Editor in 0.26 ms, found 1 plugins.
Preloading 0 native plugins for Editor in 0.00 ms.
Unloading 1804 Unused Serialized files (Serialized files now loaded: 0)
System memory in use before: 88.4 MB.
System memory in use after: 88.5 MB.

Unloading 10 unused Assets to reduce memory usage. Loaded Objects now: 2381.
Total: 1.703800 ms (FindLiveObjects: 0.209100 ms CreateObjectMapping: 0.048700 ms MarkObjects: 1.405100 ms  DeleteObjects: 0.039900 ms)

========================================================================
Received Prepare
Registering precompiled user dll's ...
Registered in 0.000713 seconds.
Begin MonoManager ReloadAssembly
Native extension for WindowsStandalone target not found
Refreshing native plugins compatible for Editor in 0.33 ms, found 1 plugins.
Preloading 0 native plugins for Editor in 0.00 ms.
Mono: successfully reloaded assembly
- Completed reload, in  0.659 seconds
Platform modules already initialized, skipping
Refreshing native plugins compatible for Editor in 0.34 ms, found 1 plugins.
Preloading 0 native plugins for Editor in 0.00 ms.
Unloading 1804 Unused Serialized files (Serialized files now loaded: 0)
System memory in use before: 88.4 MB.
System memory in use after: 88.5 MB.

Unloading 9 unused Assets to reduce memory usage. Loaded Objects now: 2384.
Total: 1.678800 ms (FindLiveObjects: 0.234400 ms CreateObjectMapping: 0.039400 ms MarkObjects: 1.364400 ms  DeleteObjects: 0.039400 ms)

========================================================================
Received Prepare
Registering precompiled user dll's ...
Registered in 0.000707 seconds.
Begin MonoManager ReloadAssembly
Native extension for WindowsStandalone target not found
Refreshing native plugins compatible for Editor in 0.36 ms, found 1 plugins.
Preloading 0 native plugins for Editor in 0.00 ms.
Mono: successfully reloaded assembly
- Completed reload, in  0.656 seconds
Platform modules already initialized, skipping
Refreshing native plugins compatible for Editor in 0.34 ms, found 1 plugins.
Preloading 0 native plugins for Editor in 0.00 ms.
Unloading 1804 Unused Serialized files (Serialized files now loaded: 0)
System memory in use before: 88.4 MB.
System memory in use after: 88.5 MB.

Unloading 9 unused Assets to reduce memory usage. Loaded Objects now: 2387.
Total: 1.622100 ms (FindLiveObjects: 0.161900 ms CreateObjectMapping: 0.040700 ms MarkObjects: 1.382600 ms  DeleteObjects: 0.036200 ms)

========================================================================
Received Prepare
Registering precompiled user dll's ...
Registered in 0.000836 seconds.
Begin MonoManager ReloadAssembly
Native extension for WindowsStandalone target not found
Refreshing native plugins compatible for Editor in 0.33 ms, found 1 plugins.
Preloading 0 native plugins for Editor in 0.00 ms.
Mono: successfully reloaded assembly
- Completed reload, in  0.666 seconds
Platform modules already initialized, skipping
Refreshing native plugins compatible for Editor in 0.33 ms, found 1 plugins.
Preloading 0 native plugins for Editor in 0.00 ms.
Unloading 1804 Unused Serialized files (Serialized files now loaded: 0)
System memory in use before: 88.4 MB.
System memory in use after: 88.5 MB.

Unloading 9 unused Assets to reduce memory usage. Loaded Objects now: 2390.
Total: 1.953400 ms (FindLiveObjects: 0.247100 ms CreateObjectMapping: 0.043600 ms MarkObjects: 1.616300 ms  DeleteObjects: 0.045600 ms)

========================================================================
Received Prepare
Registering precompiled user dll's ...
Registered in 0.000725 seconds.
Begin MonoManager ReloadAssembly
Native extension for WindowsStandalone target not found
Refreshing native plugins compatible for Editor in 0.36 ms, found 1 plugins.
Preloading 0 native plugins for Editor in 0.00 ms.
Mono: successfully reloaded assembly
- Completed reload, in  0.662 seconds
Platform modules already initialized, skipping
Refreshing native plugins compatible for Editor in 0.36 ms, found 1 plugins.
Preloading 0 native plugins for Editor in 0.00 ms.
Unloading 1804 Unused Serialized files (Serialized files now loaded: 0)
System memory in use before: 88.4 MB.
System memory in use after: 88.5 MB.

Unloading 9 unused Assets to reduce memory usage. Loaded Objects now: 2393.
Total: 1.657500 ms (FindLiveObjects: 0.187600 ms CreateObjectMapping: 0.049900 ms MarkObjects: 1.381300 ms  DeleteObjects: 0.037800 ms)

========================================================================
Received Prepare
Registering precompiled user dll's ...
Registered in 0.000743 seconds.
Begin MonoManager ReloadAssembly
Native extension for WindowsStandalone target not found
Refreshing native plugins compatible for Editor in 0.68 ms, found 1 plugins.
Preloading 0 native plugins for Editor in 0.00 ms.
Mono: successfully reloaded assembly
- Completed reload, in  0.682 seconds
Platform modules already initialized, skipping
Refreshing native plugins compatible for Editor in 0.35 ms, found 1 plugins.
Preloading 0 native plugins for Editor in 0.00 ms.
Unloading 1804 Unused Serialized files (Serialized files now loaded: 0)
System memory in use before: 88.5 MB.
System memory in use after: 88.5 MB.

Unloading 9 unused Assets to reduce memory usage. Loaded Objects now: 2396.
Total: 1.696800 ms (FindLiveObjects: 0.207500 ms CreateObjectMapping: 0.045500 ms MarkObjects: 1.406300 ms  DeleteObjects: 0.036700 ms)

========================================================================
Received Prepare
Registering precompiled user dll's ...
Registered in 0.000656 seconds.
Begin MonoManager ReloadAssembly
Native extension for WindowsStandalone target not found
Refreshing native plugins compatible for Editor in 0.34 ms, found 1 plugins.
Preloading 0 native plugins for Editor in 0.00 ms.
Mono: successfully reloaded assembly
- Completed reload, in  0.657 seconds
Platform modules already initialized, skipping
Refreshing native plugins compatible for Editor in 0.40 ms, found 1 plugins.
Preloading 0 native plugins for Editor in 0.00 ms.
Unloading 1804 Unused Serialized files (Serialized files now loaded: 0)
System memory in use before: 88.5 MB.
System memory in use after: 88.5 MB.

Unloading 9 unused Assets to reduce memory usage. Loaded Objects now: 2399.
Total: 1.662800 ms (FindLiveObjects: 0.189400 ms CreateObjectMapping: 0.042500 ms MarkObjects: 1.391400 ms  DeleteObjects: 0.038900 ms)

========================================================================
Received Prepare
Registering precompiled user dll's ...
Registered in 0.000753 seconds.
Begin MonoManager ReloadAssembly
Native extension for WindowsStandalone target not found
Refreshing native plugins compatible for Editor in 0.34 ms, found 1 plugins.
Preloading 0 native plugins for Editor in 0.00 ms.
Mono: successfully reloaded assembly
- Completed reload, in  0.656 seconds
Platform modules already initialized, skipping
Refreshing native plugins compatible for Editor in 0.32 ms, found 1 plugins.
Preloading 0 native plugins for Editor in 0.00 ms.
Unloading 1804 Unused Serialized files (Serialized files now loaded: 0)
System memory in use before: 88.5 MB.
System memory in use after: 88.6 MB.

Unloading 9 unused Assets to reduce memory usage. Loaded Objects now: 2402.
Total: 1.872000 ms (FindLiveObjects: 0.231100 ms CreateObjectMapping: 0.050800 ms MarkObjects: 1.537000 ms  DeleteObjects: 0.052300 ms)

========================================================================
Received Prepare
Registering precompiled user dll's ...
Registered in 0.000736 seconds.
Begin MonoManager ReloadAssembly
Native extension for WindowsStandalone target not found
Refreshing native plugins compatible for Editor in 0.34 ms, found 1 plugins.
Preloading 0 native plugins for Editor in 0.00 ms.
Mono: successfully reloaded assembly
- Completed reload, in  0.657 seconds
Platform modules already initialized, skipping
Refreshing native plugins compatible for Editor in 0.34 ms, found 1 plugins.
Preloading 0 native plugins for Editor in 0.00 ms.
Unloading 1804 Unused Serialized files (Serialized files now loaded: 0)
System memory in use before: 88.5 MB.
System memory in use after: 88.6 MB.

Unloading 9 unused Assets to reduce memory usage. Loaded Objects now: 2405.
Total: 1.630300 ms (FindLiveObjects: 0.195600 ms CreateObjectMapping: 0.040300 ms MarkObjects: 1.357600 ms  DeleteObjects: 0.036200 ms)

========================================================================
Received Import Request.
  Time since last request: 525.966122 seconds.
  path: Assets/Materials
  artifactKey: Guid(578237b5d13e10c419ebfbdfea859c6a) Importer(815301076,1909f56bfc062723c751e8b465ee728b)
Start importing Assets/Materials using Guid(578237b5d13e10c419ebfbdfea859c6a) Importer(815301076,1909f56bfc062723c751e8b465ee728b)  -> (artifact id: '03cac1d6afdc5c9692d53100670e8afd') in 0.008040 seconds
  Import took 0.010817 seconds .

========================================================================
Received Prepare
Registering precompiled user dll's ...
Registered in 0.000807 seconds.
Begin MonoManager ReloadAssembly
Native extension for WindowsStandalone target not found
Refreshing native plugins compatible for Editor in 0.33 ms, found 1 plugins.
Preloading 0 native plugins for Editor in 0.00 ms.
Mono: successfully reloaded assembly
- Completed reload, in  0.702 seconds
Platform modules already initialized, skipping
Refreshing native plugins compatible for Editor in 0.47 ms, found 1 plugins.
Preloading 0 native plugins for Editor in 0.00 ms.
Unloading 1804 Unused Serialized files (Serialized files now loaded: 0)
System memory in use before: 88.5 MB.
System memory in use after: 88.6 MB.

Unloading 9 unused Assets to reduce memory usage. Loaded Objects now: 2408.
Total: 1.899200 ms (FindLiveObjects: 0.329500 ms CreateObjectMapping: 0.062700 ms MarkObjects: 1.456800 ms  DeleteObjects: 0.049400 ms)

========================================================================
Received Import Request.
  Time since last request: 7.506635 seconds.
  path: Assets/Materials/BulletTrail.mat
  artifactKey: Guid(9ac41f7bdc086cb4ab7d6d8e55d4260e) Importer(815301076,1909f56bfc062723c751e8b465ee728b)
Start importing Assets/Materials/BulletTrail.mat using Guid(9ac41f7bdc086cb4ab7d6d8e55d4260e) Importer(815301076,1909f56bfc062723c751e8b465ee728b)  -> (artifact id: '8fd029b50888e06769fe349aa2fbbded') in 0.058499 seconds
  Import took 0.062130 seconds .

========================================================================
Received Import Request.
  Time since last request: 824.235229 seconds.
  path: Assets/Resources/Prefabs/Bullet.prefab
  artifactKey: Guid(3dd2d5baf5b88c144b60650ca49aa9c4) Importer(815301076,1909f56bfc062723c751e8b465ee728b)
Start importing Assets/Resources/Prefabs/Bullet.prefab using Guid(3dd2d5baf5b88c144b60650ca49aa9c4) Importer(815301076,1909f56bfc062723c751e8b465ee728b)  -> (artifact id: '321e2934af07dc7e6cac16232e0667bb') in 0.029246 seconds
  Import took 0.032211 seconds .

========================================================================
Received Prepare
Registering precompiled user dll's ...
Registered in 0.000830 seconds.
Begin MonoManager ReloadAssembly
Native extension for WindowsStandalone target not found
Refreshing native plugins compatible for Editor in 0.44 ms, found 1 plugins.
Preloading 0 native plugins for Editor in 0.00 ms.
Mono: successfully reloaded assembly
- Completed reload, in  0.721 seconds
Platform modules already initialized, skipping
Refreshing native plugins compatible for Editor in 0.34 ms, found 1 plugins.
Preloading 0 native plugins for Editor in 0.00 ms.
Unloading 1804 Unused Serialized files (Serialized files now loaded: 0)
System memory in use before: 88.5 MB.
System memory in use after: 88.6 MB.

Unloading 9 unused Assets to reduce memory usage. Loaded Objects now: 2412.
Total: 1.877700 ms (FindLiveObjects: 0.208000 ms CreateObjectMapping: 0.040500 ms MarkObjects: 1.586700 ms  DeleteObjects: 0.041300 ms)

========================================================================
Received Import Request.
  Time since last request: 5.613499 seconds.
  path: Assets/Resources/Prefabs/Bullet.prefab
  artifactKey: Guid(3dd2d5baf5b88c144b60650ca49aa9c4) Importer(815301076,1909f56bfc062723c751e8b465ee728b)
Start importing Assets/Resources/Prefabs/Bullet.prefab using Guid(3dd2d5baf5b88c144b60650ca49aa9c4) Importer(815301076,1909f56bfc062723c751e8b465ee728b)  -> (artifact id: '91207c4cd15c4a01d7db3f3a31120a75') in 0.044961 seconds
  Import took 0.047759 seconds .

========================================================================
Received Prepare
Registering precompiled user dll's ...
Registered in 0.000849 seconds.
Begin MonoManager ReloadAssembly
Native extension for WindowsStandalone target not found
Refreshing native plugins compatible for Editor in 0.38 ms, found 1 plugins.
Preloading 0 native plugins for Editor in 0.00 ms.
Mono: successfully reloaded assembly
- Completed reload, in  0.705 seconds
Platform modules already initialized, skipping
Refreshing native plugins compatible for Editor in 0.43 ms, found 1 plugins.
Preloading 0 native plugins for Editor in 0.00 ms.
Unloading 1804 Unused Serialized files (Serialized files now loaded: 0)
System memory in use before: 88.6 MB.
System memory in use after: 88.6 MB.

Unloading 9 unused Assets to reduce memory usage. Loaded Objects now: 2416.
Total: 1.852900 ms (FindLiveObjects: 0.313700 ms CreateObjectMapping: 0.053100 ms MarkObjects: 1.445300 ms  DeleteObjects: 0.040000 ms)

========================================================================
Received Import Request.
  Time since last request: 47.813269 seconds.
  path: Assets/Resources/Prefabs/Bullet.prefab
  artifactKey: Guid(3dd2d5baf5b88c144b60650ca49aa9c4) Importer(815301076,1909f56bfc062723c751e8b465ee728b)
Start importing Assets/Resources/Prefabs/Bullet.prefab using Guid(3dd2d5baf5b88c144b60650ca49aa9c4) Importer(815301076,1909f56bfc062723c751e8b465ee728b)  -> (artifact id: 'ebd997a4b682f446f2d988d4d43ea1b9') in 0.043803 seconds
  Import took 0.046936 seconds .

========================================================================
Received Import Request.
  Time since last request: 27.624018 seconds.
  path: Assets/Resources/Prefabs/Bullet.prefab
  artifactKey: Guid(3dd2d5baf5b88c144b60650ca49aa9c4) Importer(815301076,1909f56bfc062723c751e8b465ee728b)
Start importing Assets/Resources/Prefabs/Bullet.prefab using Guid(3dd2d5baf5b88c144b60650ca49aa9c4) Importer(815301076,1909f56bfc062723c751e8b465ee728b)  -> (artifact id: 'ad0fb7669a1aada509d4363e95e4fc09') in 0.006633 seconds
  Import took 0.009314 seconds .

========================================================================
Received Import Request.
  Time since last request: 23.976175 seconds.
  path: Assets/Resources/Prefabs/Bullet.prefab
  artifactKey: Guid(3dd2d5baf5b88c144b60650ca49aa9c4) Importer(815301076,1909f56bfc062723c751e8b465ee728b)
Start importing Assets/Resources/Prefabs/Bullet.prefab using Guid(3dd2d5baf5b88c144b60650ca49aa9c4) Importer(815301076,1909f56bfc062723c751e8b465ee728b)  -> (artifact id: '0af4600398cdb6b7bd7afd03638125c4') in 0.006585 seconds
  Import took 0.009526 seconds .

========================================================================
Received Import Request.
  Time since last request: 10.871083 seconds.
  path: Assets/Resources/Prefabs/Bullet.prefab
  artifactKey: Guid(3dd2d5baf5b88c144b60650ca49aa9c4) Importer(815301076,1909f56bfc062723c751e8b465ee728b)
Start importing Assets/Resources/Prefabs/Bullet.prefab using Guid(3dd2d5baf5b88c144b60650ca49aa9c4) Importer(815301076,1909f56bfc062723c751e8b465ee728b)  -> (artifact id: '1298adcf3978de82225fc6f7ad556b5d') in 0.007562 seconds
  Import took 0.010804 seconds .

========================================================================
Received Import Request.
  Time since last request: 12.608953 seconds.
  path: Assets/Resources/Prefabs/Bullet.prefab
  artifactKey: Guid(3dd2d5baf5b88c144b60650ca49aa9c4) Importer(815301076,1909f56bfc062723c751e8b465ee728b)
Start importing Assets/Resources/Prefabs/Bullet.prefab using Guid(3dd2d5baf5b88c144b60650ca49aa9c4) Importer(815301076,1909f56bfc062723c751e8b465ee728b)  -> (artifact id: 'e65fcf5a8900b6e2233f6a682372adb6') in 0.007079 seconds
  Import took 0.009844 seconds .

========================================================================
Received Import Request.
  Time since last request: 16.564523 seconds.
  path: Assets/Resources/Prefabs/Bullet.prefab
  artifactKey: Guid(3dd2d5baf5b88c144b60650ca49aa9c4) Importer(815301076,1909f56bfc062723c751e8b465ee728b)
Start importing Assets/Resources/Prefabs/Bullet.prefab using Guid(3dd2d5baf5b88c144b60650ca49aa9c4) Importer(815301076,1909f56bfc062723c751e8b465ee728b)  -> (artifact id: 'd64a2bfb61e163ff1b0ec251e1017aab') in 0.021656 seconds
  Import took 0.024572 seconds .

========================================================================
Received Prepare
Registering precompiled user dll's ...
Registered in 0.000790 seconds.
Begin MonoManager ReloadAssembly
Native extension for WindowsStandalone target not found
Refreshing native plugins compatible for Editor in 0.35 ms, found 1 plugins.
Preloading 0 native plugins for Editor in 0.00 ms.
Mono: successfully reloaded assembly
- Completed reload, in  0.669 seconds
Platform modules already initialized, skipping
Refreshing native plugins compatible for Editor in 0.35 ms, found 1 plugins.
Preloading 0 native plugins for Editor in 0.00 ms.
Unloading 1804 Unused Serialized files (Serialized files now loaded: 0)
System memory in use before: 88.6 MB.
System memory in use after: 88.7 MB.

Unloading 9 unused Assets to reduce memory usage. Loaded Objects now: 2420.
Total: 2.068200 ms (FindLiveObjects: 0.234600 ms CreateObjectMapping: 0.044100 ms MarkObjects: 1.742700 ms  DeleteObjects: 0.045800 ms)

========================================================================
Received Import Request.
  Time since last request: 26.086473 seconds.
  path: Assets/Resources/Prefabs/Bullet.prefab
  artifactKey: Guid(3dd2d5baf5b88c144b60650ca49aa9c4) Importer(815301076,1909f56bfc062723c751e8b465ee728b)
Start importing Assets/Resources/Prefabs/Bullet.prefab using Guid(3dd2d5baf5b88c144b60650ca49aa9c4) Importer(815301076,1909f56bfc062723c751e8b465ee728b)  -> (artifact id: 'a62df297771646663c6bbcf385f471f6') in 0.045343 seconds
  Import took 0.048177 seconds .

========================================================================
Received Import Request.
  Time since last request: 1.991189 seconds.
  path: Assets/Resources/Prefabs/Bullet.prefab
  artifactKey: Guid(3dd2d5baf5b88c144b60650ca49aa9c4) Importer(815301076,1909f56bfc062723c751e8b465ee728b)
Start importing Assets/Resources/Prefabs/Bullet.prefab using Guid(3dd2d5baf5b88c144b60650ca49aa9c4) Importer(815301076,1909f56bfc062723c751e8b465ee728b)  -> (artifact id: 'e44ce7c49e51e1419f6303a4fbb14b51') in 0.007553 seconds
  Import took 0.011136 seconds .

========================================================================
Received Import Request.
  Time since last request: 1.593413 seconds.
  path: Assets/Resources/Prefabs/Bullet.prefab
  artifactKey: Guid(3dd2d5baf5b88c144b60650ca49aa9c4) Importer(815301076,1909f56bfc062723c751e8b465ee728b)
Start importing Assets/Resources/Prefabs/Bullet.prefab using Guid(3dd2d5baf5b88c144b60650ca49aa9c4) Importer(815301076,1909f56bfc062723c751e8b465ee728b)  -> (artifact id: '256ea09e4e6b44e9f55f86f7a9cfe358') in 0.007446 seconds
  Import took 0.010676 seconds .

========================================================================
Received Import Request.
  Time since last request: 8.387112 seconds.
  path: Assets/Resources/Prefabs/Bullet.prefab
  artifactKey: Guid(3dd2d5baf5b88c144b60650ca49aa9c4) Importer(815301076,1909f56bfc062723c751e8b465ee728b)
Start importing Assets/Resources/Prefabs/Bullet.prefab using Guid(3dd2d5baf5b88c144b60650ca49aa9c4) Importer(815301076,1909f56bfc062723c751e8b465ee728b)  -> (artifact id: '883749a0a6a280f53abf0195bcd11b87') in 0.007202 seconds
  Import took 0.010396 seconds .

========================================================================
Received Import Request.
  Time since last request: 5.869914 seconds.
  path: Assets/Resources/Prefabs/Bullet.prefab
  artifactKey: Guid(3dd2d5baf5b88c144b60650ca49aa9c4) Importer(815301076,1909f56bfc062723c751e8b465ee728b)
Start importing Assets/Resources/Prefabs/Bullet.prefab using Guid(3dd2d5baf5b88c144b60650ca49aa9c4) Importer(815301076,1909f56bfc062723c751e8b465ee728b)  -> (artifact id: '3118389a4a260004a1d58a2cb93481cb') in 0.007245 seconds
  Import took 0.009966 seconds .

========================================================================
Received Prepare
Registering precompiled user dll's ...
Registered in 0.000793 seconds.
Begin MonoManager ReloadAssembly
Native extension for WindowsStandalone target not found
Refreshing native plugins compatible for Editor in 0.34 ms, found 1 plugins.
Preloading 0 native plugins for Editor in 0.00 ms.
Mono: successfully reloaded assembly
- Completed reload, in  0.660 seconds
Platform modules already initialized, skipping
Refreshing native plugins compatible for Editor in 0.33 ms, found 1 plugins.
Preloading 0 native plugins for Editor in 0.00 ms.
Unloading 1804 Unused Serialized files (Serialized files now loaded: 0)
System memory in use before: 88.6 MB.
System memory in use after: 88.7 MB.

Unloading 9 unused Assets to reduce memory usage. Loaded Objects now: 2424.
Total: 1.692000 ms (FindLiveObjects: 0.199900 ms CreateObjectMapping: 0.048800 ms MarkObjects: 1.399000 ms  DeleteObjects: 0.043500 ms)

========================================================================
Received Import Request.
  Time since last request: 42.763865 seconds.
  path: Assets/Resources/Prefabs/Bullet.prefab
  artifactKey: Guid(3dd2d5baf5b88c144b60650ca49aa9c4) Importer(815301076,1909f56bfc062723c751e8b465ee728b)
Start importing Assets/Resources/Prefabs/Bullet.prefab using Guid(3dd2d5baf5b88c144b60650ca49aa9c4) Importer(815301076,1909f56bfc062723c751e8b465ee728b)  -> (artifact id: 'ef9c735c53e67f4af00046712f34e043') in 0.042164 seconds
  Import took 0.045828 seconds .

========================================================================
Received Import Request.
  Time since last request: 0.000119 seconds.
  path: Assets/Resources/Prefabs/Bullet.prefab
  artifactKey: Guid(3dd2d5baf5b88c144b60650ca49aa9c4) Importer(815301076,1909f56bfc062723c751e8b465ee728b)
Start importing Assets/Resources/Prefabs/Bullet.prefab using Guid(3dd2d5baf5b88c144b60650ca49aa9c4) Importer(815301076,1909f56bfc062723c751e8b465ee728b)  -> (artifact id: '68469329f127a37c18c157f5b6220499') in 0.007840 seconds
  Import took 0.010542 seconds .

========================================================================
Received Import Request.
  Time since last request: 0.004557 seconds.
  path: Assets/Resources/Prefabs/Bullet.prefab
  artifactKey: Guid(3dd2d5baf5b88c144b60650ca49aa9c4) Importer(815301076,1909f56bfc062723c751e8b465ee728b)
Start importing Assets/Resources/Prefabs/Bullet.prefab using Guid(3dd2d5baf5b88c144b60650ca49aa9c4) Importer(815301076,1909f56bfc062723c751e8b465ee728b)  -> (artifact id: '68469329f127a37c18c157f5b6220499') in 0.007590 seconds
  Import took 0.010672 seconds .

========================================================================
Received Import Request.
  Time since last request: 35.779047 seconds.
  path: Assets/Resources/Prefabs/Bullet.prefab
  artifactKey: Guid(3dd2d5baf5b88c144b60650ca49aa9c4) Importer(815301076,1909f56bfc062723c751e8b465ee728b)
Start importing Assets/Resources/Prefabs/Bullet.prefab using Guid(3dd2d5baf5b88c144b60650ca49aa9c4) Importer(815301076,1909f56bfc062723c751e8b465ee728b)  -> (artifact id: 'c6487d064cfce1c542a83944f82a1f9f') in 0.008057 seconds
  Import took 0.011242 seconds .

========================================================================
Received Import Request.
  Time since last request: 16.907079 seconds.
  path: Assets/Resources/Prefabs/Bullet.prefab
  artifactKey: Guid(3dd2d5baf5b88c144b60650ca49aa9c4) Importer(815301076,1909f56bfc062723c751e8b465ee728b)
Start importing Assets/Resources/Prefabs/Bullet.prefab using Guid(3dd2d5baf5b88c144b60650ca49aa9c4) Importer(815301076,1909f56bfc062723c751e8b465ee728b)  -> (artifact id: '1e9998a5343e3b58f26a48fefb42a397') in 0.007654 seconds
  Import took 0.010510 seconds .

========================================================================
Received Prepare
Registering precompiled user dll's ...
Registered in 0.000837 seconds.
Begin MonoManager ReloadAssembly
Native extension for WindowsStandalone target not found
Refreshing native plugins compatible for Editor in 0.33 ms, found 1 plugins.
Preloading 0 native plugins for Editor in 0.00 ms.
Mono: successfully reloaded assembly
- Completed reload, in  0.659 seconds
Platform modules already initialized, skipping
Refreshing native plugins compatible for Editor in 0.33 ms, found 1 plugins.
Preloading 0 native plugins for Editor in 0.00 ms.
Unloading 1804 Unused Serialized files (Serialized files now loaded: 0)
System memory in use before: 88.6 MB.
System memory in use after: 88.7 MB.

Unloading 9 unused Assets to reduce memory usage. Loaded Objects now: 2428.
Total: 1.634300 ms (FindLiveObjects: 0.183700 ms CreateObjectMapping: 0.046800 ms MarkObjects: 1.363400 ms  DeleteObjects: 0.039700 ms)

========================================================================
Received Prepare
Registering precompiled user dll's ...
Registered in 0.000826 seconds.
Begin MonoManager ReloadAssembly
Native extension for WindowsStandalone target not found
Refreshing native plugins compatible for Editor in 0.34 ms, found 1 plugins.
Preloading 0 native plugins for Editor in 0.00 ms.
Mono: successfully reloaded assembly
- Completed reload, in  0.667 seconds
Platform modules already initialized, skipping
Refreshing native plugins compatible for Editor in 0.34 ms, found 1 plugins.
Preloading 0 native plugins for Editor in 0.00 ms.
Unloading 1804 Unused Serialized files (Serialized files now loaded: 0)
System memory in use before: 88.6 MB.
System memory in use after: 88.7 MB.

Unloading 9 unused Assets to reduce memory usage. Loaded Objects now: 2431.
Total: 2.005600 ms (FindLiveObjects: 0.273400 ms CreateObjectMapping: 0.042700 ms MarkObjects: 1.637500 ms  DeleteObjects: 0.050900 ms)

========================================================================
Received Prepare
Registering precompiled user dll's ...
Registered in 0.000696 seconds.
Begin MonoManager ReloadAssembly
Native extension for WindowsStandalone target not found
Refreshing native plugins compatible for Editor in 0.35 ms, found 1 plugins.
Preloading 0 native plugins for Editor in 0.00 ms.
Mono: successfully reloaded assembly
- Completed reload, in  0.717 seconds
Platform modules already initialized, skipping
Refreshing native plugins compatible for Editor in 0.45 ms, found 1 plugins.
Preloading 0 native plugins for Editor in 0.00 ms.
Unloading 1804 Unused Serialized files (Serialized files now loaded: 0)
System memory in use before: 88.6 MB.
System memory in use after: 88.7 MB.

Unloading 9 unused Assets to reduce memory usage. Loaded Objects now: 2434.
Total: 1.908700 ms (FindLiveObjects: 0.234300 ms CreateObjectMapping: 0.041700 ms MarkObjects: 1.578500 ms  DeleteObjects: 0.052700 ms)

========================================================================
Received Prepare
Registering precompiled user dll's ...
Registered in 0.000740 seconds.
Begin MonoManager ReloadAssembly
Native extension for WindowsStandalone target not found
Refreshing native plugins compatible for Editor in 0.34 ms, found 1 plugins.
Preloading 0 native plugins for Editor in 0.00 ms.
Mono: successfully reloaded assembly
- Completed reload, in  0.661 seconds
Platform modules already initialized, skipping
Refreshing native plugins compatible for Editor in 0.33 ms, found 1 plugins.
Preloading 0 native plugins for Editor in 0.00 ms.
Unloading 1804 Unused Serialized files (Serialized files now loaded: 0)
System memory in use before: 88.6 MB.
System memory in use after: 88.7 MB.

Unloading 9 unused Assets to reduce memory usage. Loaded Objects now: 2437.
Total: 1.657200 ms (FindLiveObjects: 0.204900 ms CreateObjectMapping: 0.043100 ms MarkObjects: 1.374600 ms  DeleteObjects: 0.033700 ms)

========================================================================
Received Prepare
Registering precompiled user dll's ...
Registered in 0.000815 seconds.
Begin MonoManager ReloadAssembly
Native extension for WindowsStandalone target not found
Refreshing native plugins compatible for Editor in 0.34 ms, found 1 plugins.
Preloading 0 native plugins for Editor in 0.00 ms.
Mono: successfully reloaded assembly
- Completed reload, in  0.665 seconds
Platform modules already initialized, skipping
Refreshing native plugins compatible for Editor in 0.33 ms, found 1 plugins.
Preloading 0 native plugins for Editor in 0.00 ms.
Unloading 1804 Unused Serialized files (Serialized files now loaded: 0)
System memory in use before: 88.6 MB.
System memory in use after: 88.7 MB.

Unloading 9 unused Assets to reduce memory usage. Loaded Objects now: 2440.
Total: 1.688000 ms (FindLiveObjects: 0.214600 ms CreateObjectMapping: 0.040100 ms MarkObjects: 1.391000 ms  DeleteObjects: 0.041500 ms)

========================================================================
Received Prepare
Registering precompiled user dll's ...
Registered in 0.000717 seconds.
Begin MonoManager ReloadAssembly
Native extension for WindowsStandalone target not found
Refreshing native plugins compatible for Editor in 0.33 ms, found 1 plugins.
Preloading 0 native plugins for Editor in 0.00 ms.
Mono: successfully reloaded assembly
- Completed reload, in  0.663 seconds
Platform modules already initialized, skipping
Refreshing native plugins compatible for Editor in 0.32 ms, found 1 plugins.
Preloading 0 native plugins for Editor in 0.00 ms.
Unloading 1804 Unused Serialized files (Serialized files now loaded: 0)
System memory in use before: 88.6 MB.
System memory in use after: 88.7 MB.

Unloading 9 unused Assets to reduce memory usage. Loaded Objects now: 2443.
Total: 1.983600 ms (FindLiveObjects: 0.293700 ms CreateObjectMapping: 0.056400 ms MarkObjects: 1.585800 ms  DeleteObjects: 0.046800 ms)

========================================================================
Received Prepare
Registering precompiled user dll's ...
Registered in 0.000783 seconds.
Begin MonoManager ReloadAssembly
Native extension for WindowsStandalone target not found
Refreshing native plugins compatible for Editor in 0.33 ms, found 1 plugins.
Preloading 0 native plugins for Editor in 0.00 ms.
Mono: successfully reloaded assembly
- Completed reload, in  0.661 seconds
Platform modules already initialized, skipping
Refreshing native plugins compatible for Editor in 0.32 ms, found 1 plugins.
Preloading 0 native plugins for Editor in 0.00 ms.
Unloading 1804 Unused Serialized files (Serialized files now loaded: 0)
System memory in use before: 88.7 MB.
System memory in use after: 88.7 MB.

Unloading 9 unused Assets to reduce memory usage. Loaded Objects now: 2446.
Total: 1.682200 ms (FindLiveObjects: 0.205300 ms CreateObjectMapping: 0.041200 ms MarkObjects: 1.393500 ms  DeleteObjects: 0.041300 ms)

========================================================================
Received Prepare
Registering precompiled user dll's ...
Registered in 0.000725 seconds.
Begin MonoManager ReloadAssembly
Native extension for WindowsStandalone target not found
Refreshing native plugins compatible for Editor in 0.34 ms, found 1 plugins.
Preloading 0 native plugins for Editor in 0.00 ms.
Mono: successfully reloaded assembly
- Completed reload, in  0.714 seconds
Platform modules already initialized, skipping
Refreshing native plugins compatible for Editor in 0.48 ms, found 1 plugins.
Preloading 0 native plugins for Editor in 0.00 ms.
Unloading 1804 Unused Serialized files (Serialized files now loaded: 0)
System memory in use before: 88.7 MB.
System memory in use after: 88.8 MB.

Unloading 9 unused Assets to reduce memory usage. Loaded Objects now: 2449.
Total: 2.052000 ms (FindLiveObjects: 0.333600 ms CreateObjectMapping: 0.056900 ms MarkObjects: 1.610200 ms  DeleteObjects: 0.050400 ms)

========================================================================
Received Prepare
Registering precompiled user dll's ...
Registered in 0.000720 seconds.
Begin MonoManager ReloadAssembly
Native extension for WindowsStandalone target not found
Refreshing native plugins compatible for Editor in 0.35 ms, found 1 plugins.
Preloading 0 native plugins for Editor in 0.00 ms.
Mono: successfully reloaded assembly
- Completed reload, in  0.706 seconds
Platform modules already initialized, skipping
Refreshing native plugins compatible for Editor in 0.36 ms, found 1 plugins.
Preloading 0 native plugins for Editor in 0.00 ms.
Unloading 1804 Unused Serialized files (Serialized files now loaded: 0)
System memory in use before: 88.7 MB.
System memory in use after: 88.8 MB.

Unloading 9 unused Assets to reduce memory usage. Loaded Objects now: 2452.
Total: 1.900500 ms (FindLiveObjects: 0.286900 ms CreateObjectMapping: 0.046500 ms MarkObjects: 1.516700 ms  DeleteObjects: 0.049000 ms)

========================================================================
Received Prepare
Registering precompiled user dll's ...
Registered in 0.000834 seconds.
Begin MonoManager ReloadAssembly
Native extension for WindowsStandalone target not found
Refreshing native plugins compatible for Editor in 0.35 ms, found 1 plugins.
Preloading 0 native plugins for Editor in 0.00 ms.
Mono: successfully reloaded assembly
- Completed reload, in  0.699 seconds
Platform modules already initialized, skipping
Refreshing native plugins compatible for Editor in 0.54 ms, found 1 plugins.
Preloading 0 native plugins for Editor in 0.00 ms.
Unloading 1804 Unused Serialized files (Serialized files now loaded: 0)
System memory in use before: 88.7 MB.
System memory in use after: 88.8 MB.

Unloading 9 unused Assets to reduce memory usage. Loaded Objects now: 2455.
Total: 1.869400 ms (FindLiveObjects: 0.231400 ms CreateObjectMapping: 0.041000 ms MarkObjects: 1.546900 ms  DeleteObjects: 0.048800 ms)

========================================================================
Received Prepare
Registering precompiled user dll's ...
Registered in 0.000791 seconds.
Begin MonoManager ReloadAssembly
Native extension for WindowsStandalone target not found
Refreshing native plugins compatible for Editor in 0.30 ms, found 1 plugins.
Preloading 0 native plugins for Editor in 0.00 ms.
Mono: successfully reloaded assembly
- Completed reload, in  0.711 seconds
Platform modules already initialized, skipping
Refreshing native plugins compatible for Editor in 0.40 ms, found 1 plugins.
Preloading 0 native plugins for Editor in 0.00 ms.
Unloading 1804 Unused Serialized files (Serialized files now loaded: 0)
System memory in use before: 88.7 MB.
System memory in use after: 88.8 MB.

Unloading 9 unused Assets to reduce memory usage. Loaded Objects now: 2458.
Total: 1.735700 ms (FindLiveObjects: 0.214600 ms CreateObjectMapping: 0.042900 ms MarkObjects: 1.427900 ms  DeleteObjects: 0.049200 ms)

========================================================================
Received Prepare
Registering precompiled user dll's ...
Registered in 0.014077 seconds.
Begin MonoManager ReloadAssembly
Native extension for WindowsStandalone target not found
Refreshing native plugins compatible for Editor in 1.41 ms, found 1 plugins.
Preloading 0 native plugins for Editor in 0.00 ms.
Mono: successfully reloaded assembly
- Completed reload, in  1.585 seconds
Platform modules already initialized, skipping
Refreshing native plugins compatible for Editor in 0.34 ms, found 1 plugins.
Preloading 0 native plugins for Editor in 0.00 ms.
Unloading 1804 Unused Serialized files (Serialized files now loaded: 0)
System memory in use before: 88.7 MB.
System memory in use after: 88.8 MB.

Unloading 9 unused Assets to reduce memory usage. Loaded Objects now: 2461.
Total: 8.621700 ms (FindLiveObjects: 1.734500 ms CreateObjectMapping: 0.051100 ms MarkObjects: 6.383800 ms  DeleteObjects: 0.450800 ms)

AssetImportWorkerClient::OnTransportError - code=2 error=End of file
